<?xml version="1.0" encoding="UTF-8"?>
<!-- Generated by org.testng.reporters.JUnitReportReporter -->
<testsuite hostname="OASYS-LAP-146" failures="0" tests="14" name="CamsOasys.Cams_Marketing_Testing.FertilizerReportVerify" time="10.593" errors="0" timestamp="2024-08-06T14:21:09 IST" skipped="0">
  <testcase classname="CamsOasys.Cams_Marketing_Testing.FertilizerReportVerify" name="click_on_login" time="1.776"/>
  <testcase classname="CamsOasys.Cams_Marketing_Testing.FertilizerReportVerify" name="submit_Sale_Of_Fertilizer" time="3.468"/>
  <testcase classname="CamsOasys.Cams_Marketing_Testing.FertilizerReportVerify" name="verify_FertilizerData_For_Target_value" time="1.728"/>
  <testcase classname="CamsOasys.Cams_Marketing_Testing.FertilizerReportVerify" name="verify_FertilizerData_For_Quality_Of_Fortilizer_Prepositioned_Value" time="0.093"/>
  <testcase classname="CamsOasys.Cams_Marketing_Testing.FertilizerReportVerify" name="verify_LastWeek_Value" time="0.092"/>
  <testcase classname="CamsOasys.Cams_Marketing_Testing.FertilizerReportVerify" name="verify_CashSale" time="0.099"/>
  <testcase classname="CamsOasys.Cams_Marketing_Testing.FertilizerReportVerify" name="verify_BComponent" time="0.076"/>
  <testcase classname="CamsOasys.Cams_Marketing_Testing.FertilizerReportVerify" name="verify_Total_Sale" time="0.150"/>
  <testcase classname="CamsOasys.Cams_Marketing_Testing.FertilizerReportVerify" name="verify_Out_OfWhich_Urea" time="0.123"/>
  <testcase classname="CamsOasys.Cams_Marketing_Testing.FertilizerReportVerify" name="verify_Balance" time="0.100"/>
  <testcase classname="CamsOasys.Cams_Marketing_Testing.FertilizerReportVerify" name="verify_Achievement" time="0.153"/>
  <testcase classname="CamsOasys.Cams_Marketing_Testing.FertilizerReportVerify" name="verify_Sale" time="0.075"/>
  <testcase classname="CamsOasys.Cams_Marketing_Testing.FertilizerReportVerify" name="verify_Balance_Urea" time="0.084"/>
  <testcase classname="CamsOasys.Cams_Marketing_Testing.FertilizerReportVerify" name="click_OnSignout" time="2.576"/>
</testsuite> <!-- CamsOasys.Cams_Marketing_Testing.FertilizerReportVerify -->
