<?xml version="1.0" encoding="UTF-8"?>
<!-- Generated by org.testng.reporters.JUnitReportReporter -->
<testsuite hostname="OASYS-LAP-146" failures="0" tests="2" name="CamsOasys.Cams_Marketing_Testing.VerifyListOfPaddyApproveAndRejectDrcs" time="23.907" errors="0" timestamp="2024-07-31T11:08:52 IST" skipped="0">
  <testcase classname="CamsOasys.Cams_Marketing_Testing.VerifyListOfPaddyApproveAndRejectDrcs" name="click_On_Login" time="6.128"/>
  <testcase classname="CamsOasys.Cams_Marketing_Testing.VerifyListOfPaddyApproveAndRejectDrcs" name="check_List_Of_Paddy" time="17.779"/>
</testsuite> <!-- CamsOasys.Cams_Marketing_Testing.VerifyListOfPaddyApproveAndRejectDrcs -->
