<?xml version="1.0" encoding="UTF-8"?>
<!-- Generated by org.testng.reporters.JUnitReportReporter -->
<testsuite hostname="OASYS-LAP-146" failures="0" tests="14" name="CamsOasys.Cams_Marketing_Testing.PaddyReportVerify" time="22.790" errors="0" timestamp="2024-08-06T14:21:09 IST" skipped="0">
  <testcase classname="CamsOasys.Cams_Marketing_Testing.PaddyReportVerify" name="click_on_login" time="1.802"/>
  <testcase classname="CamsOasys.Cams_Marketing_Testing.PaddyReportVerify" name="submit_Paddy_Form_Page" time="16.349"/>
  <testcase classname="CamsOasys.Cams_Marketing_Testing.PaddyReportVerify" name="verify_PeddyReport" time="0.706"/>
  <testcase classname="CamsOasys.Cams_Marketing_Testing.PaddyReportVerify" name="verify_No_Of_Farmer_verified" time="0.437"/>
  <testcase classname="CamsOasys.Cams_Marketing_Testing.PaddyReportVerify" name="verify_Name_Of_PPC" time="0.107"/>
  <testcase classname="CamsOasys.Cams_Marketing_Testing.PaddyReportVerify" name="verify_Farmer_Sold_Paddy" time="0.113"/>
  <testcase classname="CamsOasys.Cams_Marketing_Testing.PaddyReportVerify" name="verify_Paddy_Procedure" time="0.068"/>
  <testcase classname="CamsOasys.Cams_Marketing_Testing.PaddyReportVerify" name="verify_Vendor_Receipt_Issue" time="0.083"/>
  <testcase classname="CamsOasys.Cams_Marketing_Testing.PaddyReportVerify" name="verify_Quantity_Against_Which_TP_AC_Note_Issued" time="0.243"/>
  <testcase classname="CamsOasys.Cams_Marketing_Testing.PaddyReportVerify" name="verify_Quantity_Against_Which_TP_AC_Note_Not_Issued" time="0.095"/>
  <testcase classname="CamsOasys.Cams_Marketing_Testing.PaddyReportVerify" name="verify_District_value" time="0.140"/>
  <testcase classname="CamsOasys.Cams_Marketing_Testing.PaddyReportVerify" name="verify_Circle_Value" time="0.110"/>
  <testcase classname="CamsOasys.Cams_Marketing_Testing.PaddyReportVerify" name="verify_Block_Value" time="0.085"/>
  <testcase classname="CamsOasys.Cams_Marketing_Testing.PaddyReportVerify" name="click_On_Signout" time="2.452"/>
</testsuite> <!-- CamsOasys.Cams_Marketing_Testing.PaddyReportVerify -->
