<?xml version="1.0" encoding="UTF-8"?>
<!-- Generated by org.testng.reporters.JUnitReportReporter -->
<testsuite hostname="OASYS-LAP-146" failures="0" tests="2" name="CamsOasys.Cams_Marketing_Testing.VerifyNonPaddyApproveAndRejectDrcs" time="18.557" errors="0" timestamp="2024-07-31T12:47:52 IST" skipped="0">
  <testcase classname="CamsOasys.Cams_Marketing_Testing.VerifyNonPaddyApproveAndRejectDrcs" name="click_On_Login" time="4.304"/>
  <testcase classname="CamsOasys.Cams_Marketing_Testing.VerifyNonPaddyApproveAndRejectDrcs" name="check_Non_Paddy_List_Page" time="14.253"/>
</testsuite> <!-- CamsOasys.Cams_Marketing_Testing.VerifyNonPaddyApproveAndRejectDrcs -->
