<?xml version="1.0" encoding="UTF-8"?>
<!-- Generated by org.testng.reporters.JUnitReportReporter -->
<testsuite hostname="OASYS-LAP-146" failures="0" tests="14" name="CamsOasys.Cams_Marketing_Testing.PaddyReportVerify" time="26.709" errors="0" timestamp="2024-07-29T09:52:48 IST" skipped="0">
  <testcase classname="CamsOasys.Cams_Marketing_Testing.PaddyReportVerify" name="click_on_login" time="4.681"/>
  <testcase classname="CamsOasys.Cams_Marketing_Testing.PaddyReportVerify" name="submit_Paddy_Form_Page" time="16.762"/>
  <testcase classname="CamsOasys.Cams_Marketing_Testing.PaddyReportVerify" name="verify_PeddyReport" time="0.747"/>
  <testcase classname="CamsOasys.Cams_Marketing_Testing.PaddyReportVerify" name="verify_No_Of_Farmer_verified" time="0.771"/>
  <testcase classname="CamsOasys.Cams_Marketing_Testing.PaddyReportVerify" name="verify_Name_Of_PPC" time="0.104"/>
  <testcase classname="CamsOasys.Cams_Marketing_Testing.PaddyReportVerify" name="verify_Farmer_Sold_Paddy" time="0.129"/>
  <testcase classname="CamsOasys.Cams_Marketing_Testing.PaddyReportVerify" name="verify_Paddy_Procedure" time="0.127"/>
  <testcase classname="CamsOasys.Cams_Marketing_Testing.PaddyReportVerify" name="verify_Vendor_Receipt_Issue" time="0.076"/>
  <testcase classname="CamsOasys.Cams_Marketing_Testing.PaddyReportVerify" name="verify_Quantity_Against_Which_TP_AC_Note_Issued" time="0.336"/>
  <testcase classname="CamsOasys.Cams_Marketing_Testing.PaddyReportVerify" name="verify_Quantity_Against_Which_TP_AC_Note_Not_Issued" time="0.134"/>
  <testcase classname="CamsOasys.Cams_Marketing_Testing.PaddyReportVerify" name="verify_District_value" time="0.081"/>
  <testcase classname="CamsOasys.Cams_Marketing_Testing.PaddyReportVerify" name="verify_Circle_Value" time="0.069"/>
  <testcase classname="CamsOasys.Cams_Marketing_Testing.PaddyReportVerify" name="verify_Block_Value" time="0.097"/>
  <testcase classname="CamsOasys.Cams_Marketing_Testing.PaddyReportVerify" name="click_On_Signout" time="2.595"/>
</testsuite> <!-- CamsOasys.Cams_Marketing_Testing.PaddyReportVerify -->
