<?xml version="1.0" encoding="UTF-8"?>
<!-- Generated by org.testng.reporters.JUnitReportReporter -->
<testsuite hostname="OASYS-LAP-146" failures="0" tests="2" name="CamsOasys.Cams_Marketing_Testing.VerifyListOfPaddyApproveAndRejectDrcs" time="17.824" errors="0" timestamp="2024-08-01T12:25:17 IST" skipped="0">
  <testcase classname="CamsOasys.Cams_Marketing_Testing.VerifyListOfPaddyApproveAndRejectDrcs" name="click_On_Login" time="3.978"/>
  <testcase classname="CamsOasys.Cams_Marketing_Testing.VerifyListOfPaddyApproveAndRejectDrcs" name="check_List_Of_Paddy" time="13.846"/>
</testsuite> <!-- CamsOasys.Cams_Marketing_Testing.VerifyListOfPaddyApproveAndRejectDrcs -->
