<?xml version="1.0" encoding="UTF-8"?>
<!-- Generated by org.testng.reporters.JUnitReportReporter -->
<testsuite hostname="OASYS-LAP-146" failures="0" tests="5" name="CamsOasys.Cams_Oasys.CamsEntry" time="7.776" errors="0" timestamp="2024-07-16T14:36:40 IST" skipped="0">
  <testcase classname="CamsOasys.Cams_Oasys.CamsEntry" name="click_On_Login" time="0.244"/>
  <testcase classname="CamsOasys.Cams_Oasys.CamsEntry" name="check_Credential" time="2.154"/>
  <testcase classname="CamsOasys.Cams_Oasys.CamsEntry" name="check_Credential" time="2.988"/>
  <testcase classname="CamsOasys.Cams_Oasys.CamsEntry" name="check_Credential" time="0.007"/>
  <testcase classname="CamsOasys.Cams_Oasys.CamsEntry" name="check_Credential" time="2.383"/>
</testsuite> <!-- CamsOasys.Cams_Oasys.CamsEntry -->
