<?xml version="1.0" encoding="UTF-8"?>
<!-- Generated by org.testng.reporters.JUnitReportReporter -->
<testsuite hostname="OASYS-LAP-146" failures="0" tests="17" name="CamsOasys.Cams_Marketing_Testing.ValidationMessageForSaleOfSeed" time="11.367" errors="0" timestamp="2024-08-06T14:52:30 IST" skipped="0">
  <testcase classname="CamsOasys.Cams_Marketing_Testing.ValidationMessageForSaleOfSeed" name="click_On_Login" time="4.492"/>
  <testcase classname="CamsOasys.Cams_Marketing_Testing.ValidationMessageForSaleOfSeed" name="check_Validation_Indent_Placed_To_OSSC" time="0.673"/>
  <testcase classname="CamsOasys.Cams_Marketing_Testing.ValidationMessageForSaleOfSeed" name="check_Validation_Indent_Placed_To_OSSC_Delete_Value" time="2.329"/>
  <testcase classname="CamsOasys.Cams_Marketing_Testing.ValidationMessageForSaleOfSeed" name="check_Validation_Leafed_Value" time="0.265"/>
  <testcase classname="CamsOasys.Cams_Marketing_Testing.ValidationMessageForSaleOfSeed" name="check_Validation_Leafed_Delete_Value" time="0.266"/>
  <testcase classname="CamsOasys.Cams_Marketing_Testing.ValidationMessageForSaleOfSeed" name="check_Validation_LastWeek" time="0.251"/>
  <testcase classname="CamsOasys.Cams_Marketing_Testing.ValidationMessageForSaleOfSeed" name="check_Validation_LastWeek_Deleted_Value" time="0.318"/>
  <testcase classname="CamsOasys.Cams_Marketing_Testing.ValidationMessageForSaleOfSeed" name="check_Validation_CashSale_Value" time="0.533"/>
  <testcase classname="CamsOasys.Cams_Marketing_Testing.ValidationMessageForSaleOfSeed" name="check_Validation_CashSale_Delete_Value" time="0.268"/>
  <testcase classname="CamsOasys.Cams_Marketing_Testing.ValidationMessageForSaleOfSeed" name="check_Validation_BComponent" time="0.177"/>
  <testcase classname="CamsOasys.Cams_Marketing_Testing.ValidationMessageForSaleOfSeed" name="check_Validation_Bcomponent_Delete_Value" time="0.250"/>
  <testcase classname="CamsOasys.Cams_Marketing_Testing.ValidationMessageForSaleOfSeed" name="check_Validation_Total" time="0.187"/>
  <testcase classname="CamsOasys.Cams_Marketing_Testing.ValidationMessageForSaleOfSeed" name="check_Validtaion_Total_Delete_Value" time="0.264"/>
  <testcase classname="CamsOasys.Cams_Marketing_Testing.ValidationMessageForSaleOfSeed" name="check_Validation_Balance_PACS_LAMPCS" time="0.233"/>
  <testcase classname="CamsOasys.Cams_Marketing_Testing.ValidationMessageForSaleOfSeed" name="check_Validation_Balance_PACS_LAMPS_Delete_Value" time="0.378"/>
  <testcase classname="CamsOasys.Cams_Marketing_Testing.ValidationMessageForSaleOfSeed" name="check_Validation_Achievement_To_Indent" time="0.199"/>
  <testcase classname="CamsOasys.Cams_Marketing_Testing.ValidationMessageForSaleOfSeed" name="check_Validation_Achievement_To_Indent_Delete_Value" time="0.284"/>
</testsuite> <!-- CamsOasys.Cams_Marketing_Testing.ValidationMessageForSaleOfSeed -->
