<?xml version="1.0" encoding="UTF-8"?>
<!-- Generated by org.testng.reporters.JUnitReportReporter -->
<testsuite hostname="OASYS-LAP-146" failures="0" tests="5" name="CamsOasys.Cams_Marketing_Testing.ValidationMessageForPaddyPage" time="22.989" errors="0" timestamp="2024-08-06T15:22:05 IST" skipped="0">
  <testcase classname="CamsOasys.Cams_Marketing_Testing.ValidationMessageForPaddyPage" name="landing_On_The_Marketing_Page" time="3.269"/>
  <testcase classname="CamsOasys.Cams_Marketing_Testing.ValidationMessageForPaddyPage" name="click_On_Paddy_Page" time="3.621"/>
  <testcase classname="CamsOasys.Cams_Marketing_Testing.ValidationMessageForPaddyPage" name="check_Validation_Message_For_Circle_Arcs" time="4.207"/>
  <testcase classname="CamsOasys.Cams_Marketing_Testing.ValidationMessageForPaddyPage" name="check_Validation_Message_For_Circle_Arcs_Delete_Value" time="5.124"/>
  <testcase classname="CamsOasys.Cams_Marketing_Testing.ValidationMessageForPaddyPage" name="check_Validation_Message_For_Block" time="6.768"/>
</testsuite> <!-- CamsOasys.Cams_Marketing_Testing.ValidationMessageForPaddyPage -->
