<?xml version="1.0" encoding="UTF-8"?>
<!-- Generated by org.testng.reporters.JUnitReportReporter -->
<testsuite hostname="OASYS-LAP-146" failures="0" tests="14" name="CamsOasys.Cams_Marketing_Testing.NonPaddyverify" time="8.925" errors="0" timestamp="2024-07-30T10:48:58 IST" skipped="0">
  <testcase classname="CamsOasys.Cams_Marketing_Testing.NonPaddyverify" name="click_on_login" time="1.536"/>
  <testcase classname="CamsOasys.Cams_Marketing_Testing.NonPaddyverify" name="submit_Non_Paddy_Page" time="3.789"/>
  <testcase classname="CamsOasys.Cams_Marketing_Testing.NonPaddyverify" name="verify_Non_Paddy" time="0.610"/>
  <testcase classname="CamsOasys.Cams_Marketing_Testing.NonPaddyverify" name="verify_circle" time="0.028"/>
  <testcase classname="CamsOasys.Cams_Marketing_Testing.NonPaddyverify" name="verify_block" time="0.024"/>
  <testcase classname="CamsOasys.Cams_Marketing_Testing.NonPaddyverify" name="verify_society" time="0.031"/>
  <testcase classname="CamsOasys.Cams_Marketing_Testing.NonPaddyverify" name="verify_Farmer_Verify" time="0.120"/>
  <testcase classname="CamsOasys.Cams_Marketing_Testing.NonPaddyverify" name="verify_ppc" time="0.044"/>
  <testcase classname="CamsOasys.Cams_Marketing_Testing.NonPaddyverify" name="verify_Sold_Paddy" time="0.034"/>
  <testcase classname="CamsOasys.Cams_Marketing_Testing.NonPaddyverify" name="verify_Paddy_Procedure" time="0.035"/>
  <testcase classname="CamsOasys.Cams_Marketing_Testing.NonPaddyverify" name="verify_Receipt_Issue" time="0.030"/>
  <testcase classname="CamsOasys.Cams_Marketing_Testing.NonPaddyverify" name="verify_Note_Issue" time="0.037"/>
  <testcase classname="CamsOasys.Cams_Marketing_Testing.NonPaddyverify" name="verify_Note_Not_Issue" time="0.025"/>
  <testcase classname="CamsOasys.Cams_Marketing_Testing.NonPaddyverify" name="click_on_signout" time="2.582"/>
</testsuite> <!-- CamsOasys.Cams_Marketing_Testing.NonPaddyverify -->
