<?xml version="1.0" encoding="UTF-8"?>
<!-- Generated by org.testng.reporters.JUnitReportReporter -->
<testsuite hostname="OASYS-LAP-146" failures="0" tests="14" name="CamsOasys.Cams_Marketing_Testing.SeedReportVerify" time="17.378" errors="0" timestamp="2024-07-20T17:56:27 IST" skipped="1">
  <testcase classname="CamsOasys.Cams_Marketing_Testing.SeedReportVerify" name="click_on_login" time="3.848"/>
  <testcase classname="CamsOasys.Cams_Marketing_Testing.SeedReportVerify" name="submit_Sell_Of_Seed_Data" time="4.529"/>
  <testcase classname="CamsOasys.Cams_Marketing_Testing.SeedReportVerify" name="only_verify_seeds" time="4.001"/>
  <testcase classname="CamsOasys.Cams_Marketing_Testing.SeedReportVerify" name="verify_Districtname_From_Sale_Of_Seed_ReportPage" time="2.075"/>
  <testcase classname="CamsOasys.Cams_Marketing_Testing.SeedReportVerify" name="verify_Pacsname_Form_Sale_Of_SeedReportPage" time="2.131"/>
  <testcase classname="CamsOasys.Cams_Marketing_Testing.SeedReportVerify" name="verify_Indent_Of_Ossc_Value" time="0.344"/>
  <testcase classname="CamsOasys.Cams_Marketing_Testing.SeedReportVerify" name="verify_Lifted_Value" time="0.056"/>
  <testcase classname="CamsOasys.Cams_Marketing_Testing.SeedReportVerify" name="verify_LastWeek_Value" time="0.054"/>
  <testcase classname="CamsOasys.Cams_Marketing_Testing.SeedReportVerify" name="verify_Cashsale_Value" time="0.077"/>
  <testcase classname="CamsOasys.Cams_Marketing_Testing.SeedReportVerify" name="verify_BComponent_Value" time="0.068"/>
  <testcase classname="CamsOasys.Cams_Marketing_Testing.SeedReportVerify" name="verify_Total_Value" time="0.056"/>
  <testcase classname="CamsOasys.Cams_Marketing_Testing.SeedReportVerify" name="verify_Balanace_With_Pacs_Lampcs" time="0.086"/>
  <testcase classname="CamsOasys.Cams_Marketing_Testing.SeedReportVerify" name="verify_Achievement_To_Indent" time="0.053"/>
  <testcase classname="CamsOasys.Cams_Marketing_Testing.SeedReportVerify" name="verify_Achievement_Value">
    <skipped/>
  </testcase> <!-- verify_Achievement_Value -->
</testsuite> <!-- CamsOasys.Cams_Marketing_Testing.SeedReportVerify -->
