<?xml version="1.0" encoding="UTF-8"?>
<!-- Generated by org.testng.reporters.JUnitReportReporter -->
<testsuite hostname="OASYS-LAP-146" failures="0" tests="15" name="CamsOasys.Cams_Marketing_Testing.SeedReportVerify" time="30.508" errors="0" timestamp="2024-07-29T09:52:48 IST" skipped="1">
  <testcase classname="CamsOasys.Cams_Marketing_Testing.SeedReportVerify" name="click_on_login" time="12.741"/>
  <testcase classname="CamsOasys.Cams_Marketing_Testing.SeedReportVerify" name="submit_Sell_Of_Seed_Data" time="5.262"/>
  <testcase classname="CamsOasys.Cams_Marketing_Testing.SeedReportVerify" name="only_verify_seeds" time="3.777"/>
  <testcase classname="CamsOasys.Cams_Marketing_Testing.SeedReportVerify" name="verify_Districtname_From_Sale_Of_Seed_ReportPage" time="2.219"/>
  <testcase classname="CamsOasys.Cams_Marketing_Testing.SeedReportVerify" name="verify_Pacsname_Form_Sale_Of_SeedReportPage" time="2.283"/>
  <testcase classname="CamsOasys.Cams_Marketing_Testing.SeedReportVerify" name="verify_Indent_Of_Ossc_Value" time="0.885"/>
  <testcase classname="CamsOasys.Cams_Marketing_Testing.SeedReportVerify" name="verify_Lifted_Value" time="0.076"/>
  <testcase classname="CamsOasys.Cams_Marketing_Testing.SeedReportVerify" name="verify_LastWeek_Value" time="0.090"/>
  <testcase classname="CamsOasys.Cams_Marketing_Testing.SeedReportVerify" name="verify_Cashsale_Value" time="0.128"/>
  <testcase classname="CamsOasys.Cams_Marketing_Testing.SeedReportVerify" name="verify_BComponent_Value" time="0.072"/>
  <testcase classname="CamsOasys.Cams_Marketing_Testing.SeedReportVerify" name="verify_Total_Value" time="0.097"/>
  <testcase classname="CamsOasys.Cams_Marketing_Testing.SeedReportVerify" name="verify_Balanace_With_Pacs_Lampcs" time="0.093"/>
  <testcase classname="CamsOasys.Cams_Marketing_Testing.SeedReportVerify" name="verify_Achievement_To_Indent" time="0.110"/>
  <testcase classname="CamsOasys.Cams_Marketing_Testing.SeedReportVerify" name="click_OnSignout" time="2.675"/>
  <testcase classname="CamsOasys.Cams_Marketing_Testing.SeedReportVerify" name="verify_Achievement_Value">
    <skipped/>
  </testcase> <!-- verify_Achievement_Value -->
</testsuite> <!-- CamsOasys.Cams_Marketing_Testing.SeedReportVerify -->
