<?xml version="1.0" encoding="UTF-8"?>
<!-- Generated by org.testng.reporters.JUnitReportReporter -->
<testsuite hostname="OASYS-LAP-146" failures="0" tests="14" name="CamsOasys.Cams_Marketing_Testing.PaddyReportVerify" time="20.477" errors="0" timestamp="2024-07-30T19:09:44 IST" skipped="0">
  <testcase classname="CamsOasys.Cams_Marketing_Testing.PaddyReportVerify" name="click_on_login" time="1.410"/>
  <testcase classname="CamsOasys.Cams_Marketing_Testing.PaddyReportVerify" name="submit_Paddy_Form_Page" time="15.377"/>
  <testcase classname="CamsOasys.Cams_Marketing_Testing.PaddyReportVerify" name="verify_PeddyReport" time="0.440"/>
  <testcase classname="CamsOasys.Cams_Marketing_Testing.PaddyReportVerify" name="verify_No_Of_Farmer_verified" time="0.162"/>
  <testcase classname="CamsOasys.Cams_Marketing_Testing.PaddyReportVerify" name="verify_Name_Of_PPC" time="0.076"/>
  <testcase classname="CamsOasys.Cams_Marketing_Testing.PaddyReportVerify" name="verify_Farmer_Sold_Paddy" time="0.066"/>
  <testcase classname="CamsOasys.Cams_Marketing_Testing.PaddyReportVerify" name="verify_Paddy_Procedure" time="0.128"/>
  <testcase classname="CamsOasys.Cams_Marketing_Testing.PaddyReportVerify" name="verify_Vendor_Receipt_Issue" time="0.082"/>
  <testcase classname="CamsOasys.Cams_Marketing_Testing.PaddyReportVerify" name="verify_Quantity_Against_Which_TP_AC_Note_Issued" time="0.053"/>
  <testcase classname="CamsOasys.Cams_Marketing_Testing.PaddyReportVerify" name="verify_Quantity_Against_Which_TP_AC_Note_Not_Issued" time="0.065"/>
  <testcase classname="CamsOasys.Cams_Marketing_Testing.PaddyReportVerify" name="verify_District_value" time="0.075"/>
  <testcase classname="CamsOasys.Cams_Marketing_Testing.PaddyReportVerify" name="verify_Circle_Value" time="0.053"/>
  <testcase classname="CamsOasys.Cams_Marketing_Testing.PaddyReportVerify" name="verify_Block_Value" time="0.053"/>
  <testcase classname="CamsOasys.Cams_Marketing_Testing.PaddyReportVerify" name="click_On_Signout" time="2.437"/>
</testsuite> <!-- CamsOasys.Cams_Marketing_Testing.PaddyReportVerify -->
