<?xml version="1.0" encoding="UTF-8"?>
<!-- Generated by org.testng.reporters.JUnitReportReporter -->
<testsuite hostname="OASYS-LAP-146" failures="0" tests="15" name="CamsOasys.Cams_Marketing_Testing.SeedReportVerify" time="24.544" errors="0" timestamp="2024-07-25T17:38:44 IST" skipped="1">
  <testcase classname="CamsOasys.Cams_Marketing_Testing.SeedReportVerify" name="click_on_login" time="3.798"/>
  <testcase classname="CamsOasys.Cams_Marketing_Testing.SeedReportVerify" name="submit_Sell_Of_Seed_Data" time="5.306"/>
  <testcase classname="CamsOasys.Cams_Marketing_Testing.SeedReportVerify" name="only_verify_seeds" time="3.882"/>
  <testcase classname="CamsOasys.Cams_Marketing_Testing.SeedReportVerify" name="verify_Districtname_From_Sale_Of_Seed_ReportPage" time="2.140"/>
  <testcase classname="CamsOasys.Cams_Marketing_Testing.SeedReportVerify" name="verify_Pacsname_Form_Sale_Of_SeedReportPage" time="2.084"/>
  <testcase classname="CamsOasys.Cams_Marketing_Testing.SeedReportVerify" name="verify_Indent_Of_Ossc_Value" time="0.279"/>
  <testcase classname="CamsOasys.Cams_Marketing_Testing.SeedReportVerify" name="verify_Lifted_Value" time="0.083"/>
  <testcase classname="CamsOasys.Cams_Marketing_Testing.SeedReportVerify" name="verify_LastWeek_Value" time="0.085"/>
  <testcase classname="CamsOasys.Cams_Marketing_Testing.SeedReportVerify" name="verify_Cashsale_Value" time="0.103"/>
  <testcase classname="CamsOasys.Cams_Marketing_Testing.SeedReportVerify" name="verify_BComponent_Value" time="0.079"/>
  <testcase classname="CamsOasys.Cams_Marketing_Testing.SeedReportVerify" name="verify_Total_Value" time="0.091"/>
  <testcase classname="CamsOasys.Cams_Marketing_Testing.SeedReportVerify" name="verify_Balanace_With_Pacs_Lampcs" time="0.108"/>
  <testcase classname="CamsOasys.Cams_Marketing_Testing.SeedReportVerify" name="verify_Achievement_To_Indent" time="0.096"/>
  <testcase classname="CamsOasys.Cams_Marketing_Testing.SeedReportVerify" name="click_OnSignout" time="6.410"/>
  <testcase classname="CamsOasys.Cams_Marketing_Testing.SeedReportVerify" name="verify_Achievement_Value">
    <skipped/>
  </testcase> <!-- verify_Achievement_Value -->
</testsuite> <!-- CamsOasys.Cams_Marketing_Testing.SeedReportVerify -->
