<?xml version="1.0" encoding="UTF-8"?>
<!-- Generated by org.testng.reporters.JUnitReportReporter -->
<testsuite hostname="OASYS-LAP-146" failures="0" tests="13" name="CamsOasys.Cams_Marketing_Testing.FertilizerReportVerify" time="9.760" errors="0" timestamp="2024-07-20T18:46:20 IST" skipped="0">
  <testcase classname="CamsOasys.Cams_Marketing_Testing.FertilizerReportVerify" name="click_on_login" time="4.402"/>
  <testcase classname="CamsOasys.Cams_Marketing_Testing.FertilizerReportVerify" name="submit_Sale_Of_Fertilizer" time="3.218"/>
  <testcase classname="CamsOasys.Cams_Marketing_Testing.FertilizerReportVerify" name="verify_FertilizerData_For_Target_value" time="1.425"/>
  <testcase classname="CamsOasys.Cams_Marketing_Testing.FertilizerReportVerify" name="verify_FertilizerData_For_Quality_Of_Fortilizer_Prepositioned_Value" time="0.076"/>
  <testcase classname="CamsOasys.Cams_Marketing_Testing.FertilizerReportVerify" name="verify_LastWeek_Value" time="0.078"/>
  <testcase classname="CamsOasys.Cams_Marketing_Testing.FertilizerReportVerify" name="verify_CashSale" time="0.096"/>
  <testcase classname="CamsOasys.Cams_Marketing_Testing.FertilizerReportVerify" name="verify_BComponent" time="0.065"/>
  <testcase classname="CamsOasys.Cams_Marketing_Testing.FertilizerReportVerify" name="verify_Total_Sale" time="0.071"/>
  <testcase classname="CamsOasys.Cams_Marketing_Testing.FertilizerReportVerify" name="verify_Out_OfWhich_Urea" time="0.061"/>
  <testcase classname="CamsOasys.Cams_Marketing_Testing.FertilizerReportVerify" name="verify_Balance" time="0.078"/>
  <testcase classname="CamsOasys.Cams_Marketing_Testing.FertilizerReportVerify" name="verify_Achievement" time="0.064"/>
  <testcase classname="CamsOasys.Cams_Marketing_Testing.FertilizerReportVerify" name="verify_Sale" time="0.066"/>
  <testcase classname="CamsOasys.Cams_Marketing_Testing.FertilizerReportVerify" name="verify_Balance_Urea" time="0.060"/>
</testsuite> <!-- CamsOasys.Cams_Marketing_Testing.FertilizerReportVerify -->
