<?xml version="1.0" encoding="UTF-8"?>
<!-- Generated by org.testng.reporters.JUnitReportReporter -->
<testsuite hostname="OASYS-LAP-146" failures="0" tests="14" name="CamsOasys.Cams_Marketing_Testing.NonPaddyverify" time="14.816" errors="0" timestamp="2024-07-25T17:38:44 IST" skipped="0">
  <testcase classname="CamsOasys.Cams_Marketing_Testing.NonPaddyverify" name="click_on_login" time="3.226"/>
  <testcase classname="CamsOasys.Cams_Marketing_Testing.NonPaddyverify" name="submit_Non_Paddy_Page" time="6.399"/>
  <testcase classname="CamsOasys.Cams_Marketing_Testing.NonPaddyverify" name="verify_Non_Paddy" time="1.032"/>
  <testcase classname="CamsOasys.Cams_Marketing_Testing.NonPaddyverify" name="verify_circle" time="0.066"/>
  <testcase classname="CamsOasys.Cams_Marketing_Testing.NonPaddyverify" name="verify_block" time="0.058"/>
  <testcase classname="CamsOasys.Cams_Marketing_Testing.NonPaddyverify" name="verify_society" time="0.046"/>
  <testcase classname="CamsOasys.Cams_Marketing_Testing.NonPaddyverify" name="verify_Farmer_Verify" time="0.137"/>
  <testcase classname="CamsOasys.Cams_Marketing_Testing.NonPaddyverify" name="verify_ppc" time="0.038"/>
  <testcase classname="CamsOasys.Cams_Marketing_Testing.NonPaddyverify" name="verify_Sold_Paddy" time="0.044"/>
  <testcase classname="CamsOasys.Cams_Marketing_Testing.NonPaddyverify" name="verify_Paddy_Procedure" time="0.040"/>
  <testcase classname="CamsOasys.Cams_Marketing_Testing.NonPaddyverify" name="verify_Receipt_Issue" time="0.035"/>
  <testcase classname="CamsOasys.Cams_Marketing_Testing.NonPaddyverify" name="verify_Note_Issue" time="0.026"/>
  <testcase classname="CamsOasys.Cams_Marketing_Testing.NonPaddyverify" name="verify_Note_Not_Issue" time="0.053"/>
  <testcase classname="CamsOasys.Cams_Marketing_Testing.NonPaddyverify" name="click_on_signout" time="3.616"/>
</testsuite> <!-- CamsOasys.Cams_Marketing_Testing.NonPaddyverify -->
