<?xml version="1.0" encoding="UTF-8"?>
<!-- Generated by org.testng.reporters.JUnitReportReporter -->
<testsuite hostname="OASYS-LAP-146" failures="0" tests="17" name="CamsOasys.Cams_Marketing_Testing.ValidationMessageForSaleOfSeed" time="16.020" errors="0" timestamp="2024-07-29T10:36:40 IST" skipped="0">
  <testcase classname="CamsOasys.Cams_Marketing_Testing.ValidationMessageForSaleOfSeed" name="click_On_Login" time="8.437"/>
  <testcase classname="CamsOasys.Cams_Marketing_Testing.ValidationMessageForSaleOfSeed" name="check_Validation_Indent_Placed_To_OSSC" time="1.127"/>
  <testcase classname="CamsOasys.Cams_Marketing_Testing.ValidationMessageForSaleOfSeed" name="check_Validation_Indent_Placed_To_OSSC_Delete_Value" time="2.384"/>
  <testcase classname="CamsOasys.Cams_Marketing_Testing.ValidationMessageForSaleOfSeed" name="check_Validation_Leafed_Value" time="0.359"/>
  <testcase classname="CamsOasys.Cams_Marketing_Testing.ValidationMessageForSaleOfSeed" name="check_Validation_Leafed_Delete_Value" time="0.339"/>
  <testcase classname="CamsOasys.Cams_Marketing_Testing.ValidationMessageForSaleOfSeed" name="check_Validation_LastWeek" time="0.223"/>
  <testcase classname="CamsOasys.Cams_Marketing_Testing.ValidationMessageForSaleOfSeed" name="check_Validation_LastWeek_Deleted_Value" time="0.409"/>
  <testcase classname="CamsOasys.Cams_Marketing_Testing.ValidationMessageForSaleOfSeed" name="check_Validation_CashSale_Value" time="0.212"/>
  <testcase classname="CamsOasys.Cams_Marketing_Testing.ValidationMessageForSaleOfSeed" name="check_Validation_CashSale_Delete_Value" time="0.277"/>
  <testcase classname="CamsOasys.Cams_Marketing_Testing.ValidationMessageForSaleOfSeed" name="check_Validation_BComponent" time="0.301"/>
  <testcase classname="CamsOasys.Cams_Marketing_Testing.ValidationMessageForSaleOfSeed" name="check_Validation_Bcomponent_Delete_Value" time="0.300"/>
  <testcase classname="CamsOasys.Cams_Marketing_Testing.ValidationMessageForSaleOfSeed" name="check_Validation_Total" time="0.268"/>
  <testcase classname="CamsOasys.Cams_Marketing_Testing.ValidationMessageForSaleOfSeed" name="check_Validtaion_Total_Delete_Value" time="0.245"/>
  <testcase classname="CamsOasys.Cams_Marketing_Testing.ValidationMessageForSaleOfSeed" name="check_Validation_Balance_PACS_LAMPCS" time="0.320"/>
  <testcase classname="CamsOasys.Cams_Marketing_Testing.ValidationMessageForSaleOfSeed" name="check_Validation_Balance_PACS_LAMPS_Delete_Value" time="0.276"/>
  <testcase classname="CamsOasys.Cams_Marketing_Testing.ValidationMessageForSaleOfSeed" name="check_Validation_Achievement_To_Indent" time="0.301"/>
  <testcase classname="CamsOasys.Cams_Marketing_Testing.ValidationMessageForSaleOfSeed" name="check_Validation_Achievement_To_Indent_Delete_Value" time="0.242"/>
</testsuite> <!-- CamsOasys.Cams_Marketing_Testing.ValidationMessageForSaleOfSeed -->
