<?xml version="1.0" encoding="UTF-8"?>
<!-- Generated by org.testng.reporters.JUnitReportReporter -->
<testsuite hostname="OASYS-LAP-146" failures="0" tests="2" name="CamsOasys.Cams_Marketing_Testing.VerifyListOfSeedApproveAndRejectDRCS" time="17.087" errors="0" timestamp="2024-07-30T15:54:43 IST" skipped="0">
  <testcase classname="CamsOasys.Cams_Marketing_Testing.VerifyListOfSeedApproveAndRejectDRCS" name="click_On_Login" time="4.052"/>
  <testcase classname="CamsOasys.Cams_Marketing_Testing.VerifyListOfSeedApproveAndRejectDRCS" name="check_List_Of_Seed" time="13.035"/>
</testsuite> <!-- CamsOasys.Cams_Marketing_Testing.VerifyListOfSeedApproveAndRejectDRCS -->
