<?xml version="1.0" encoding="UTF-8"?>
<!-- Generated by org.testng.reporters.JUnitReportReporter -->
<testsuite hostname="OASYS-LAP-146" failures="0" tests="17" name="CamsOasys.Cams_Marketing_Testing.ValidationMessageForSaleOfSeed" time="9.634" errors="0" timestamp="2024-07-30T10:52:40 IST" skipped="0">
  <testcase classname="CamsOasys.Cams_Marketing_Testing.ValidationMessageForSaleOfSeed" name="click_On_Login" time="3.656"/>
  <testcase classname="CamsOasys.Cams_Marketing_Testing.ValidationMessageForSaleOfSeed" name="check_Validation_Indent_Placed_To_OSSC" time="0.760"/>
  <testcase classname="CamsOasys.Cams_Marketing_Testing.ValidationMessageForSaleOfSeed" name="check_Validation_Indent_Placed_To_OSSC_Delete_Value" time="2.308"/>
  <testcase classname="CamsOasys.Cams_Marketing_Testing.ValidationMessageForSaleOfSeed" name="check_Validation_Leafed_Value" time="0.155"/>
  <testcase classname="CamsOasys.Cams_Marketing_Testing.ValidationMessageForSaleOfSeed" name="check_Validation_Leafed_Delete_Value" time="0.243"/>
  <testcase classname="CamsOasys.Cams_Marketing_Testing.ValidationMessageForSaleOfSeed" name="check_Validation_LastWeek" time="0.174"/>
  <testcase classname="CamsOasys.Cams_Marketing_Testing.ValidationMessageForSaleOfSeed" name="check_Validation_LastWeek_Deleted_Value" time="0.247"/>
  <testcase classname="CamsOasys.Cams_Marketing_Testing.ValidationMessageForSaleOfSeed" name="check_Validation_CashSale_Value" time="0.182"/>
  <testcase classname="CamsOasys.Cams_Marketing_Testing.ValidationMessageForSaleOfSeed" name="check_Validation_CashSale_Delete_Value" time="0.240"/>
  <testcase classname="CamsOasys.Cams_Marketing_Testing.ValidationMessageForSaleOfSeed" name="check_Validation_BComponent" time="0.186"/>
  <testcase classname="CamsOasys.Cams_Marketing_Testing.ValidationMessageForSaleOfSeed" name="check_Validation_Bcomponent_Delete_Value" time="0.242"/>
  <testcase classname="CamsOasys.Cams_Marketing_Testing.ValidationMessageForSaleOfSeed" name="check_Validation_Total" time="0.194"/>
  <testcase classname="CamsOasys.Cams_Marketing_Testing.ValidationMessageForSaleOfSeed" name="check_Validtaion_Total_Delete_Value" time="0.207"/>
  <testcase classname="CamsOasys.Cams_Marketing_Testing.ValidationMessageForSaleOfSeed" name="check_Validation_Balance_PACS_LAMPCS" time="0.169"/>
  <testcase classname="CamsOasys.Cams_Marketing_Testing.ValidationMessageForSaleOfSeed" name="check_Validation_Balance_PACS_LAMPS_Delete_Value" time="0.241"/>
  <testcase classname="CamsOasys.Cams_Marketing_Testing.ValidationMessageForSaleOfSeed" name="check_Validation_Achievement_To_Indent" time="0.180"/>
  <testcase classname="CamsOasys.Cams_Marketing_Testing.ValidationMessageForSaleOfSeed" name="check_Validation_Achievement_To_Indent_Delete_Value" time="0.250"/>
</testsuite> <!-- CamsOasys.Cams_Marketing_Testing.ValidationMessageForSaleOfSeed -->
