<?xml version="1.0" encoding="UTF-8"?>
<!-- Generated by org.testng.reporters.JUnitReportReporter -->
<testsuite hostname="OASYS-LAP-146" failures="0" tests="15" name="CamsOasys.Cams_Marketing_Testing.SeedReportVerify" time="23.037" errors="0" timestamp="2024-07-30T10:48:58 IST" skipped="1">
  <testcase classname="CamsOasys.Cams_Marketing_Testing.SeedReportVerify" name="click_on_login" time="6.079"/>
  <testcase classname="CamsOasys.Cams_Marketing_Testing.SeedReportVerify" name="submit_Sell_Of_Seed_Data" time="4.806"/>
  <testcase classname="CamsOasys.Cams_Marketing_Testing.SeedReportVerify" name="only_verify_seeds" time="4.446"/>
  <testcase classname="CamsOasys.Cams_Marketing_Testing.SeedReportVerify" name="verify_Districtname_From_Sale_Of_Seed_ReportPage" time="2.094"/>
  <testcase classname="CamsOasys.Cams_Marketing_Testing.SeedReportVerify" name="verify_Pacsname_Form_Sale_Of_SeedReportPage" time="2.083"/>
  <testcase classname="CamsOasys.Cams_Marketing_Testing.SeedReportVerify" name="verify_Indent_Of_Ossc_Value" time="0.494"/>
  <testcase classname="CamsOasys.Cams_Marketing_Testing.SeedReportVerify" name="verify_Lifted_Value" time="0.102"/>
  <testcase classname="CamsOasys.Cams_Marketing_Testing.SeedReportVerify" name="verify_LastWeek_Value" time="0.070"/>
  <testcase classname="CamsOasys.Cams_Marketing_Testing.SeedReportVerify" name="verify_Cashsale_Value" time="0.109"/>
  <testcase classname="CamsOasys.Cams_Marketing_Testing.SeedReportVerify" name="verify_BComponent_Value" time="0.074"/>
  <testcase classname="CamsOasys.Cams_Marketing_Testing.SeedReportVerify" name="verify_Total_Value" time="0.082"/>
  <testcase classname="CamsOasys.Cams_Marketing_Testing.SeedReportVerify" name="verify_Balanace_With_Pacs_Lampcs" time="0.066"/>
  <testcase classname="CamsOasys.Cams_Marketing_Testing.SeedReportVerify" name="verify_Achievement_To_Indent" time="0.112"/>
  <testcase classname="CamsOasys.Cams_Marketing_Testing.SeedReportVerify" name="click_OnSignout" time="2.420"/>
  <testcase classname="CamsOasys.Cams_Marketing_Testing.SeedReportVerify" name="verify_Achievement_Value">
    <skipped/>
  </testcase> <!-- verify_Achievement_Value -->
</testsuite> <!-- CamsOasys.Cams_Marketing_Testing.SeedReportVerify -->
