<?xml version="1.0" encoding="UTF-8"?>
<!-- Generated by org.testng.reporters.JUnitReportReporter -->
<testsuite hostname="OASYS-LAP-146" failures="0" tests="2" name="CamsOasys.Cams_Marketing_Testing.EditListOfSeedDrcs" time="20.483" errors="0" timestamp="2024-08-07T14:30:21 IST" skipped="0">
  <testcase classname="CamsOasys.Cams_Marketing_Testing.EditListOfSeedDrcs" name="click_On_Login" time="3.263"/>
  <testcase classname="CamsOasys.Cams_Marketing_Testing.EditListOfSeedDrcs" name="edit_Functional" time="17.220"/>
</testsuite> <!-- CamsOasys.Cams_Marketing_Testing.EditListOfSeedDrcs -->
