<?xml version="1.0" encoding="UTF-8"?>
<!-- Generated by org.testng.reporters.JUnitReportReporter -->
<testsuite hostname="OASYS-LAP-146" failures="0" tests="14" name="CamsOasys.Cams_Marketing_Testing.PaddyReportVerify" time="30.046" errors="0" timestamp="2024-07-25T17:38:44 IST" skipped="0">
  <testcase classname="CamsOasys.Cams_Marketing_Testing.PaddyReportVerify" name="click_on_login" time="3.476"/>
  <testcase classname="CamsOasys.Cams_Marketing_Testing.PaddyReportVerify" name="submit_Paddy_Form_Page" time="19.669"/>
  <testcase classname="CamsOasys.Cams_Marketing_Testing.PaddyReportVerify" name="verify_PeddyReport" time="1.470"/>
  <testcase classname="CamsOasys.Cams_Marketing_Testing.PaddyReportVerify" name="verify_No_Of_Farmer_verified" time="0.199"/>
  <testcase classname="CamsOasys.Cams_Marketing_Testing.PaddyReportVerify" name="verify_Name_Of_PPC" time="0.312"/>
  <testcase classname="CamsOasys.Cams_Marketing_Testing.PaddyReportVerify" name="verify_Farmer_Sold_Paddy" time="0.084"/>
  <testcase classname="CamsOasys.Cams_Marketing_Testing.PaddyReportVerify" name="verify_Paddy_Procedure" time="0.088"/>
  <testcase classname="CamsOasys.Cams_Marketing_Testing.PaddyReportVerify" name="verify_Vendor_Receipt_Issue" time="0.088"/>
  <testcase classname="CamsOasys.Cams_Marketing_Testing.PaddyReportVerify" name="verify_Quantity_Against_Which_TP_AC_Note_Issued" time="0.102"/>
  <testcase classname="CamsOasys.Cams_Marketing_Testing.PaddyReportVerify" name="verify_Quantity_Against_Which_TP_AC_Note_Not_Issued" time="0.096"/>
  <testcase classname="CamsOasys.Cams_Marketing_Testing.PaddyReportVerify" name="verify_District_value" time="0.073"/>
  <testcase classname="CamsOasys.Cams_Marketing_Testing.PaddyReportVerify" name="verify_Circle_Value" time="0.123"/>
  <testcase classname="CamsOasys.Cams_Marketing_Testing.PaddyReportVerify" name="verify_Block_Value" time="0.110"/>
  <testcase classname="CamsOasys.Cams_Marketing_Testing.PaddyReportVerify" name="click_On_Signout" time="4.156"/>
</testsuite> <!-- CamsOasys.Cams_Marketing_Testing.PaddyReportVerify -->
