<?xml version="1.0" encoding="UTF-8"?>
<!-- Generated by org.testng.reporters.JUnitReportReporter -->
<testsuite hostname="OASYS-LAP-146" failures="0" tests="2" name="CamsOasys.Cams_Marketing_Testing.VerifyListOfSeedApproveAndRejectDRCS" time="12.612" errors="0" timestamp="2024-08-06T14:34:58 IST" skipped="0">
  <testcase classname="CamsOasys.Cams_Marketing_Testing.VerifyListOfSeedApproveAndRejectDRCS" name="click_On_Login" time="7.552"/>
  <testcase classname="CamsOasys.Cams_Marketing_Testing.VerifyListOfSeedApproveAndRejectDRCS" name="check_List_Of_Seed" time="5.060"/>
</testsuite> <!-- CamsOasys.Cams_Marketing_Testing.VerifyListOfSeedApproveAndRejectDRCS -->
